<?xml version="1.0" encoding="UTF-8"?>
<!-- Generated by org.testng.reporters.JUnitReportReporter -->
<testsuite hostname="DESKTOP-NFJV34S" failures="0" tests="1" name="driverFactory.DriverScript" time="56.623" errors="0" timestamp="2024-03-30T10:44:13 IST" skipped="0">
  <testcase classname="driverFactory.DriverScript" name="startTest" time="56.623">
    <system-out>
      <![CDATA[Stock-000001067-----------Stock-000001067]]>
    </system-out>
  </testcase> <!-- startTest -->
  <system-out>
    <![CDATA[Stock-000001067-----------Stock-000001067]]>
  </system-out>
</testsuite> <!-- driverFactory.DriverScript -->
