<?xml version="1.0" encoding="UTF-8"?>
<!-- Generated by org.testng.reporters.JUnitReportReporter -->
<testsuite hostname="DESKTOP-NFJV34S" failures="0" tests="1" name="driverFactory.AppTest" time="25.242" errors="0" timestamp="2024-03-27T11:58:50 IST" skipped="0">
  <testcase classname="driverFactory.AppTest" name="kickStart" time="25.242"/>
</testsuite> <!-- driverFactory.AppTest -->
