<?xml version="1.0" encoding="UTF-8"?>
<!-- Generated by org.testng.reporters.JUnitReportReporter -->
<testsuite hostname="DESKTOP-NFJV34S" failures="0" tests="1" name="driverFactory.AppTest" time="121.005" errors="0" timestamp="2024-03-30T11:16:41 IST" skipped="0">
  <testcase classname="driverFactory.AppTest" name="kickStart" time="121.005">
    <system-out>
      <![CDATA[Stock-000001072-----------Stock-000001072]]>
    </system-out>
  </testcase> <!-- kickStart -->
  <system-out>
    <![CDATA[Stock-000001072-----------Stock-000001072]]>
  </system-out>
</testsuite> <!-- driverFactory.AppTest -->
